<?xml version="1.0" encoding="UTF-8"?>
<testng-results skipped="0" failed="0" total="1" passed="1">
  <reporter-output>
    <line>
      <![CDATA[hello]]>
    </line>
  </reporter-output>
  <suite name="Suite" duration-ms="98" started-at="2017-11-03T06:05:33Z" finished-at="2017-11-03T06:05:33Z">
    <groups>
    </groups>
    <test name="Test" duration-ms="98" started-at="2017-11-03T06:05:33Z" finished-at="2017-11-03T06:05:33Z">
      <class name="pro.project">
        <test-method status="PASS" signature="print()[pri:0, instance:pro.project@1e88b3c]" name="print" duration-ms="33" started-at="2017-11-03T11:35:33Z" finished-at="2017-11-03T11:35:33Z">
          <reporter-output>
            <line>
              <![CDATA[hello]]>
            </line>
          </reporter-output>
        </test-method> <!-- print -->
      </class> <!-- pro.project -->
    </test> <!-- Test -->
  </suite> <!-- Suite -->
</testng-results>
